2025-06-18 20:41:34,850 - INFO - ============================================================
2025-06-18 20:41:34,851 - INFO - VELOCIRAPTOR - AUTOMATED PENETRATION TESTING TOOL
2025-06-18 20:41:34,851 - INFO - ============================================================
2025-06-18 20:41:34,852 - INFO - Target Domain: google.com
2025-06-18 20:41:34,852 - INFO - Local IP: 172.25.61.165
2025-06-18 20:41:34,853 - INFO - ============================================================
2025-06-18 20:41:34,853 - INFO - Checking and installing required dependencies...
2025-06-18 20:41:34,853 - INFO - Checking subfinder...
2025-06-18 20:41:34,980 - INFO - ✓ subfinder is already installed
2025-06-18 20:41:34,981 - INFO - Checking amass...
2025-06-18 20:41:35,078 - INFO - ✓ amass is already installed
2025-06-18 20:41:35,079 - INFO - Checking nmap...
2025-06-18 20:41:35,127 - INFO - ✓ nmap is already installed
2025-06-18 20:41:35,128 - INFO - Checking masscan...
2025-06-18 20:41:35,136 - INFO - Installing masscan...
2025-06-18 20:45:06,980 - INFO - ============================================================
2025-06-18 20:45:06,980 - INFO - VELOCIRAPTOR - AUTOMATED PENETRATION TESTING TOOL
2025-06-18 20:45:06,981 - INFO - ============================================================
2025-06-18 20:45:06,982 - INFO - Target Domain: google.com
2025-06-18 20:45:06,982 - INFO - Local IP: 172.25.61.165
2025-06-18 20:45:06,982 - INFO - ============================================================
2025-06-18 20:45:06,983 - INFO - Checking and installing required dependencies...
2025-06-18 20:45:06,983 - INFO - Checking subfinder...
2025-06-18 20:45:07,024 - INFO - ✓ subfinder is already installed
2025-06-18 20:45:07,025 - INFO - Checking amass...
2025-06-18 20:45:07,044 - INFO - ✓ amass is already installed
2025-06-18 20:45:07,045 - INFO - Checking nmap...
2025-06-18 20:45:07,057 - INFO - ✓ nmap is already installed
2025-06-18 20:45:07,058 - INFO - Checking masscan...
2025-06-18 20:45:07,063 - INFO - Installing masscan...
2025-06-18 20:49:04,755 - INFO - ============================================================
2025-06-18 20:49:04,756 - INFO - VELOCIRAPTOR - AUTOMATED PENETRATION TESTING TOOL
2025-06-18 20:49:04,756 - INFO - ============================================================
2025-06-18 20:49:04,757 - INFO - Target Domain: example.com
2025-06-18 20:49:04,757 - INFO - Local IP: 172.25.61.165
2025-06-18 20:49:04,757 - INFO - ============================================================
2025-06-18 20:49:04,758 - INFO - Checking and installing required dependencies...
2025-06-18 20:49:04,758 - INFO - Checking subfinder...
2025-06-18 20:49:04,792 - INFO - ✓ subfinder is already installed
2025-06-18 20:49:04,793 - INFO - Checking amass...
2025-06-18 20:49:04,809 - INFO - ✓ amass is already installed
2025-06-18 20:49:04,809 - INFO - Checking nmap...
2025-06-18 20:49:04,822 - INFO - ✓ nmap is already installed
2025-06-18 20:49:04,822 - INFO - Checking masscan...
2025-06-18 20:49:04,825 - INFO - Installing masscan...
